\BOOKMARK [1][]{section*.2}{\376\377\000A\000b\000s\000t\000r\000a\000c\000t}{}% 1
\BOOKMARK [1][]{section.1}{\376\377\0001\000\040\000I\000n\000t\000r\000o\000d\000u\000c\000t\000i\000o\000n}{}% 2
\BOOKMARK [1][]{section.2}{\376\377\0002\000\040\000B\000a\000c\000k\000g\000r\000o\000u\000n\000d}{}% 3
\BOOKMARK [2][]{subsection.2.1}{\376\377\0002\000.\0001\000\040\000P\000r\000o\000p\000e\000r\000t\000y\000\040\000G\000r\000a\000p\000h\000\040\000D\000a\000t\000a\000\040\000M\000o\000d\000e\000l}{section.2}% 4
\BOOKMARK [2][]{subsection.2.2}{\376\377\0002\000.\0002\000\040\000S\000Q\000L\000/\000P\000G\000Q}{section.2}% 5
\BOOKMARK [2][]{subsection.2.3}{\376\377\0002\000.\0003\000\040\000G\000r\000a\000p\000h\000\040\000t\000r\000a\000v\000e\000r\000s\000a\000l\000\040\000a\000l\000g\000o\000r\000i\000t\000h\000m\000s}{section.2}% 6
\BOOKMARK [2][]{subsection.2.4}{\376\377\0002\000.\0004\000\040\000D\000u\000c\000k\000D\000B}{section.2}% 7
\BOOKMARK [2][]{subsection.2.5}{\376\377\0002\000.\0005\000\040\000C\000u\000r\000r\000e\000n\000t\000\040\000s\000t\000a\000t\000e\000\040\000o\000f\000\040\000S\000Q\000L\000/\000P\000G\000Q\000\040\000i\000n\000\040\000D\000u\000c\000k\000D\000B}{section.2}% 8
\BOOKMARK [1][]{section.3}{\376\377\0003\000\040\000G\000o\000a\000l\000s}{}% 9
\BOOKMARK [1][]{section.4}{\376\377\0004\000\040\000M\000e\000t\000h\000o\000d\000o\000l\000o\000g\000y}{}% 10
\BOOKMARK [2][]{subsection.4.1}{\376\377\0004\000.\0001\000\040\000S\000h\000o\000r\000t\000e\000s\000t\000\040\000p\000a\000t\000h}{section.4}% 11
\BOOKMARK [2][]{subsection.4.2}{\376\377\0004\000.\0002\000\040\000S\000h\000a\000r\000e\000d\000\040\000h\000a\000s\000h\000\040\000j\000o\000i\000n}{section.4}% 12
\BOOKMARK [2][]{subsection.4.3}{\376\377\0004\000.\0003\000\040\000P\000l\000a\000n\000n\000i\000n\000g}{section.4}% 13
\BOOKMARK [1][]{section.5}{\376\377\0005\000\040\000R\000e\000l\000a\000t\000e\000d\000\040\000w\000o\000r\000k}{}% 14
\BOOKMARK [2][]{subsection.5.1}{\376\377\0005\000.\0001\000\040\000R\000e\000s\000o\000u\000r\000c\000e\000\040\000D\000e\000s\000c\000r\000i\000p\000t\000i\000o\000n\000\040\000F\000r\000a\000m\000e\000w\000o\000r\000k}{section.5}% 15
\BOOKMARK [2][]{subsection.5.2}{\376\377\0005\000.\0002\000\040\000S\000e\000l\000f\000-\000j\000o\000i\000n\000s}{section.5}% 16
\BOOKMARK [2][]{subsection.5.3}{\376\377\0005\000.\0003\000\040\000M\000a\000p\000p\000i\000n\000g\000\040\000f\000r\000o\000m\000\040\000G\000r\000a\000p\000h\000\040\000t\000o\000\040\000R\000e\000l\000a\000t\000i\000o\000n\000a\000l\000\040\000q\000u\000e\000r\000i\000e\000s}{section.5}% 17
\BOOKMARK [1][]{section.6}{\376\377\0006\000\040\000C\000o\000n\000c\000l\000u\000s\000i\000o\000n}{}% 18
\BOOKMARK [1][]{section*.11}{\376\377\000R\000e\000f\000e\000r\000e\000n\000c\000e\000s}{}% 19
\BOOKMARK [1][]{appendix.A}{\376\377\000A\000\040\000S\000Q\000L\000\040\000v\000s\000\040\000S\000Q\000L\000/\000P\000G\000Q\000\040\000q\000u\000e\000r\000i\000e\000s}{}% 20
